{"C:\\Users\\javie\\Desktop\\UnitTest\\src\\js\\DegreeCalculator.js": {"path":"C:\\Users\\javie\\Desktop\\UnitTest\\src\\js\\DegreeCalculator.js","statementMap":{"0":{"start":{"line":4,"column":8},"end":{"line":4,"column":41}},"1":{"start":{"line":5,"column":8},"end":{"line":5,"column":38}},"2":{"start":{"line":6,"column":8},"end":{"line":6,"column":40}},"3":{"start":{"line":7,"column":8},"end":{"line":7,"column":40}},"4":{"start":{"line":8,"column":8},"end":{"line":8,"column":25}},"5":{"start":{"line":12,"column":8},"end":{"line":44,"column":9}},"6":{"start":{"line":13,"column":12},"end":{"line":21,"column":13}},"7":{"start":{"line":15,"column":36},"end":{"line":15,"column":68}},"8":{"start":{"line":15,"column":71},"end":{"line":15,"column":77}},"9":{"start":{"line":16,"column":36},"end":{"line":16,"column":80}},"10":{"start":{"line":16,"column":81},"end":{"line":16,"column":87}},"11":{"start":{"line":17,"column":36},"end":{"line":17,"column":76}},"12":{"start":{"line":17,"column":81},"end":{"line":17,"column":87}},"13":{"start":{"line":19,"column":20},"end":{"line":19,"column":59}},"14":{"start":{"line":20,"column":16},"end":{"line":20,"column":22}},"15":{"start":{"line":22,"column":14},"end":{"line":44,"column":9}},"16":{"start":{"line":23,"column":12},"end":{"line":31,"column":13}},"17":{"start":{"line":25,"column":36},"end":{"line":25,"column":80}},"18":{"start":{"line":25,"column":83},"end":{"line":25,"column":89}},"19":{"start":{"line":26,"column":36},"end":{"line":26,"column":68}},"20":{"start":{"line":26,"column":73},"end":{"line":26,"column":79}},"21":{"start":{"line":27,"column":36},"end":{"line":27,"column":79}},"22":{"start":{"line":27,"column":83},"end":{"line":27,"column":89}},"23":{"start":{"line":29,"column":20},"end":{"line":29,"column":59}},"24":{"start":{"line":30,"column":16},"end":{"line":30,"column":22}},"25":{"start":{"line":32,"column":14},"end":{"line":44,"column":9}},"26":{"start":{"line":33,"column":12},"end":{"line":41,"column":13}},"27":{"start":{"line":35,"column":36},"end":{"line":35,"column":76}},"28":{"start":{"line":35,"column":84},"end":{"line":35,"column":90}},"29":{"start":{"line":36,"column":36},"end":{"line":36,"column":79}},"30":{"start":{"line":36,"column":84},"end":{"line":36,"column":90}},"31":{"start":{"line":37,"column":36},"end":{"line":37,"column":68}},"32":{"start":{"line":37,"column":74},"end":{"line":37,"column":80}},"33":{"start":{"line":39,"column":20},"end":{"line":39,"column":59}},"34":{"start":{"line":40,"column":16},"end":{"line":40,"column":22}},"35":{"start":{"line":43,"column":12},"end":{"line":43,"column":43}},"36":{"start":{"line":49,"column":21},"end":{"line":49,"column":61}},"37":{"start":{"line":50,"column":8},"end":{"line":50,"column":22}},"38":{"start":{"line":55,"column":21},"end":{"line":55,"column":62}},"39":{"start":{"line":56,"column":8},"end":{"line":56,"column":22}},"40":{"start":{"line":61,"column":21},"end":{"line":61,"column":71}},"41":{"start":{"line":62,"column":8},"end":{"line":62,"column":22}},"42":{"start":{"line":67,"column":21},"end":{"line":67,"column":71}},"43":{"start":{"line":68,"column":8},"end":{"line":68,"column":22}},"44":{"start":{"line":73,"column":21},"end":{"line":73,"column":72}},"45":{"start":{"line":74,"column":8},"end":{"line":74,"column":22}},"46":{"start":{"line":79,"column":21},"end":{"line":79,"column":70}},"47":{"start":{"line":80,"column":8},"end":{"line":80,"column":22}},"48":{"start":{"line":85,"column":8},"end":{"line":85,"column":27}},"49":{"start":{"line":90,"column":8},"end":{"line":90,"column":25}},"50":{"start":{"line":91,"column":8},"end":{"line":91,"column":29}},"51":{"start":{"line":92,"column":8},"end":{"line":92,"column":21}}},"fnMap":{"0":{"name":"(anonymous_0)","decl":{"start":{"line":3,"column":4},"end":{"line":3,"column":5}},"loc":{"start":{"line":3,"column":53},"end":{"line":9,"column":5}},"line":3},"1":{"name":"(anonymous_1)","decl":{"start":{"line":11,"column":4},"end":{"line":11,"column":5}},"loc":{"start":{"line":11,"column":15},"end":{"line":45,"column":5}},"line":11},"2":{"name":"(anonymous_2)","decl":{"start":{"line":47,"column":4},"end":{"line":47,"column":5}},"loc":{"start":{"line":48,"column":4},"end":{"line":51,"column":5}},"line":48},"3":{"name":"(anonymous_3)","decl":{"start":{"line":53,"column":4},"end":{"line":53,"column":5}},"loc":{"start":{"line":54,"column":4},"end":{"line":57,"column":5}},"line":54},"4":{"name":"(anonymous_4)","decl":{"start":{"line":59,"column":4},"end":{"line":59,"column":5}},"loc":{"start":{"line":60,"column":4},"end":{"line":63,"column":5}},"line":60},"5":{"name":"(anonymous_5)","decl":{"start":{"line":65,"column":4},"end":{"line":65,"column":5}},"loc":{"start":{"line":66,"column":4},"end":{"line":69,"column":5}},"line":66},"6":{"name":"(anonymous_6)","decl":{"start":{"line":71,"column":4},"end":{"line":71,"column":5}},"loc":{"start":{"line":72,"column":4},"end":{"line":75,"column":5}},"line":72},"7":{"name":"(anonymous_7)","decl":{"start":{"line":77,"column":4},"end":{"line":77,"column":5}},"loc":{"start":{"line":78,"column":4},"end":{"line":81,"column":5}},"line":78},"8":{"name":"(anonymous_8)","decl":{"start":{"line":83,"column":4},"end":{"line":83,"column":5}},"loc":{"start":{"line":84,"column":4},"end":{"line":86,"column":5}},"line":84},"9":{"name":"(anonymous_9)","decl":{"start":{"line":88,"column":4},"end":{"line":88,"column":5}},"loc":{"start":{"line":89,"column":4},"end":{"line":93,"column":5}},"line":89}},"branchMap":{"0":{"loc":{"start":{"line":12,"column":8},"end":{"line":44,"column":9}},"type":"if","locations":[{"start":{"line":12,"column":8},"end":{"line":44,"column":9}},{"start":{"line":12,"column":8},"end":{"line":44,"column":9}}],"line":12},"1":{"loc":{"start":{"line":13,"column":12},"end":{"line":21,"column":13}},"type":"switch","locations":[{"start":{"line":15,"column":16},"end":{"line":15,"column":77}},{"start":{"line":16,"column":16},"end":{"line":16,"column":87}},{"start":{"line":17,"column":16},"end":{"line":17,"column":87}},{"start":{"line":18,"column":16},"end":{"line":20,"column":22}}],"line":13},"2":{"loc":{"start":{"line":22,"column":14},"end":{"line":44,"column":9}},"type":"if","locations":[{"start":{"line":22,"column":14},"end":{"line":44,"column":9}},{"start":{"line":22,"column":14},"end":{"line":44,"column":9}}],"line":22},"3":{"loc":{"start":{"line":23,"column":12},"end":{"line":31,"column":13}},"type":"switch","locations":[{"start":{"line":25,"column":16},"end":{"line":25,"column":89}},{"start":{"line":26,"column":16},"end":{"line":26,"column":79}},{"start":{"line":27,"column":16},"end":{"line":27,"column":89}},{"start":{"line":28,"column":16},"end":{"line":30,"column":22}}],"line":23},"4":{"loc":{"start":{"line":32,"column":14},"end":{"line":44,"column":9}},"type":"if","locations":[{"start":{"line":32,"column":14},"end":{"line":44,"column":9}},{"start":{"line":32,"column":14},"end":{"line":44,"column":9}}],"line":32},"5":{"loc":{"start":{"line":33,"column":12},"end":{"line":41,"column":13}},"type":"switch","locations":[{"start":{"line":35,"column":16},"end":{"line":35,"column":90}},{"start":{"line":36,"column":16},"end":{"line":36,"column":90}},{"start":{"line":37,"column":16},"end":{"line":37,"column":80}},{"start":{"line":38,"column":16},"end":{"line":40,"column":22}}],"line":33}},"s":{"0":9,"1":9,"2":9,"3":9,"4":9,"5":9,"6":3,"7":0,"8":0,"9":1,"10":1,"11":1,"12":1,"13":1,"14":1,"15":6,"16":5,"17":1,"18":1,"19":0,"20":0,"21":0,"22":0,"23":4,"24":4,"25":1,"26":1,"27":1,"28":1,"29":0,"30":0,"31":0,"32":0,"33":0,"34":0,"35":0,"36":2,"37":2,"38":2,"39":2,"40":3,"41":3,"42":2,"43":2,"44":1,"45":1,"46":1,"47":1,"48":0,"49":2,"50":2,"51":2},"f":{"0":9,"1":9,"2":2,"3":2,"4":3,"5":2,"6":1,"7":1,"8":0,"9":2},"b":{"0":[3,6],"1":[0,1,1,1],"2":[5,1],"3":[1,0,0,4],"4":[1,0],"5":[1,0,0,0]},"_coverageSchema":"1a1c01bbd47fc00a2c39e90264f33305004495a9","hash":"a231f4657c9673c127aa1043b5753b72499657d6"}
}
