TN:
SF:src\js\DegreeCalculator.js
FN:3,(anonymous_0)
FN:11,(anonymous_1)
FN:47,(anonymous_2)
FN:53,(anonymous_3)
FN:59,(anonymous_4)
FN:65,(anonymous_5)
FN:71,(anonymous_6)
FN:77,(anonymous_7)
FN:83,(anonymous_8)
FNF:9
FNH:6
FNDA:5,(anonymous_0)
FNDA:5,(anonymous_1)
FNDA:2,(anonymous_2)
FNDA:2,(anonymous_3)
FNDA:3,(anonymous_4)
FNDA:2,(anonymous_5)
FNDA:0,(anonymous_6)
FNDA:0,(anonymous_7)
FNDA:0,(anonymous_8)
DA:4,5
DA:5,5
DA:6,5
DA:7,5
DA:8,5
DA:12,5
DA:13,3
DA:15,0
DA:16,1
DA:17,1
DA:19,1
DA:20,1
DA:22,2
DA:23,1
DA:25,1
DA:26,0
DA:27,0
DA:29,0
DA:30,0
DA:32,1
DA:33,1
DA:35,1
DA:36,0
DA:37,0
DA:39,0
DA:40,0
DA:43,0
DA:49,2
DA:50,2
DA:55,2
DA:56,2
DA:61,3
DA:62,3
DA:67,2
DA:68,2
DA:73,0
DA:74,0
DA:79,0
DA:80,0
DA:85,0
LF:40
LH:25
BRDA:12,0,0,3
BRDA:12,0,1,2
BRDA:13,1,0,0
BRDA:13,1,1,1
BRDA:13,1,2,1
BRDA:13,1,3,1
BRDA:22,2,0,1
BRDA:22,2,1,1
BRDA:23,3,0,1
BRDA:23,3,1,0
BRDA:23,3,2,0
BRDA:23,3,3,0
BRDA:32,4,0,1
BRDA:32,4,1,0
BRDA:33,5,0,1
BRDA:33,5,1,0
BRDA:33,5,2,0
BRDA:33,5,3,0
BRF:18
BRH:10
end_of_record
